#
# There is insufficient memory for the Java Runtime Environment to continue.
# Native memory allocation (malloc) failed to allocate 32744 bytes. Error detail: Chunk::new
# Possible reasons:
#   The system is out of physical RAM or swap space
#   This process is running with CompressedOops enabled, and the Java Heap may be blocking the growth of the native heap
# Possible solutions:
#   Reduce memory load on the system
#   Increase physical memory or swap space
#   Check if swap backing store is full
#   Decrease Java heap size (-Xmx/-Xms)
#   Decrease number of Java threads
#   Decrease Java thread stack sizes (-Xss)
#   Set larger code cache with -XX:ReservedCodeCacheSize=
#   JVM is running with Zero Based Compressed Oops mode in which the Java heap is
#     placed in the first 32GB address space. The Java Heap base address is the
#     maximum limit for the native heap growth. Please use -XX:HeapBaseMinAddress
#     to set the Java Heap base and to place the Java Heap above 32GB virtual address.
# This output file may be truncated or incomplete.
#
#  Out of Memory Error (arena.cpp:168), pid=10896, tid=15424
#
# JRE version: OpenJDK Runtime Environment (21.0.3) (build 21.0.3+-12282718-b509.11)
# Java VM: OpenJDK 64-Bit Server VM (21.0.3+-12282718-b509.11, mixed mode, tiered, compressed oops, compressed class ptrs, g1 gc, windows-amd64)
# No core dump will be written. Minidumps are not enabled by default on client versions of Windows
#

---------------  S U M M A R Y ------------

Command Line: --add-opens=java.base/java.lang=ALL-UNNAMED --add-opens=java.base/java.lang.invoke=ALL-UNNAMED --add-opens=java.base/java.util=ALL-UNNAMED --add-opens=java.prefs/java.util.prefs=ALL-UNNAMED --add-exports=jdk.compiler/com.sun.tools.javac.api=ALL-UNNAMED --add-exports=jdk.compiler/com.sun.tools.javac.util=ALL-UNNAMED --add-opens=java.base/java.util=ALL-UNNAMED --add-opens=java.prefs/java.util.prefs=ALL-UNNAMED --add-opens=java.base/java.nio.charset=ALL-UNNAMED --add-opens=java.base/java.net=ALL-UNNAMED --add-opens=java.base/java.util.concurrent.atomic=ALL-UNNAMED --add-opens=java.xml/javax.xml.namespace=ALL-UNNAMED -XX:MaxMetaspaceSize=2G -XX:+HeapDumpOnOutOfMemoryError -Xmx4G -Dfile.encoding=UTF-8 -Duser.country=US -Duser.language=en -Duser.variant -javaagent:C:\Users\User\.gradle\wrapper\dists\gradle-8.11.1-bin\8se5rfm6r33wrrcme5kqt16ts\gradle-8.11.1\lib\agents\gradle-instrumentation-agent-8.11.1.jar org.gradle.launcher.daemon.bootstrap.GradleDaemon 8.11.1

Host: Intel(R) Core(TM) i7-8665U CPU @ 1.90GHz, 8 cores, 7G,  Windows 10 , 64 bit Build 18362 (10.0.18362.86)
Time: Sun Jan  5 22:49:41 2025 West Asia Standard Time elapsed time: 48.755038 seconds (0d 0h 0m 48s)

---------------  T H R E A D  ---------------

Current thread (0x0000020942033250):  JavaThread "C2 CompilerThread0" daemon [_thread_in_native, id=15424, stack(0x0000007751000000,0x0000007751100000) (1024K)]


Current CompileTask:
C2:  48755 2712   !   4       java.lang.ClassLoader::loadClass (121 bytes)

Stack: [0x0000007751000000,0x0000007751100000]
Native frames: (J=compiled Java code, j=interpreted, Vv=VM code, C=native code)
V  [jvm.dll+0x6cafb9]
V  [jvm.dll+0x858523]
V  [jvm.dll+0x85aa7e]
V  [jvm.dll+0x85b163]
V  [jvm.dll+0x27d356]
V  [jvm.dll+0xbf93d]
V  [jvm.dll+0xbfe73]
V  [jvm.dll+0x6e7940]
V  [jvm.dll+0x6e0466]
V  [jvm.dll+0x6e1b6f]
V  [jvm.dll+0x6e534f]
V  [jvm.dll+0x6dd5bb]
V  [jvm.dll+0x6dcbf2]
V  [jvm.dll+0x6dadbc]
V  [jvm.dll+0x1c8c6c]
V  [jvm.dll+0x1c981a]
V  [jvm.dll+0x2f00b4]
V  [jvm.dll+0x6e5376]
V  [jvm.dll+0x6dd5bb]
V  [jvm.dll+0x6dcbf2]
V  [jvm.dll+0x6dadbc]
V  [jvm.dll+0x1c8c6c]
V  [jvm.dll+0x1c981a]
V  [jvm.dll+0x2f00b4]
V  [jvm.dll+0x6e5376]
V  [jvm.dll+0x6dd5bb]
V  [jvm.dll+0x6dcbf2]
V  [jvm.dll+0x6dadbc]
V  [jvm.dll+0x1c8c6c]
V  [jvm.dll+0x1c981a]
V  [jvm.dll+0x2f00b4]
V  [jvm.dll+0x6e5376]
V  [jvm.dll+0x6dd5bb]
V  [jvm.dll+0x6dcbf2]
V  [jvm.dll+0x6dadbc]
V  [jvm.dll+0x1c8c6c]
V  [jvm.dll+0x2f00b4]
V  [jvm.dll+0x6e5376]
V  [jvm.dll+0x6dd5bb]
V  [jvm.dll+0x6dcbf2]
V  [jvm.dll+0x6dadbc]
V  [jvm.dll+0x1c8c6c]
V  [jvm.dll+0x1c981a]
V  [jvm.dll+0x2f00b4]
V  [jvm.dll+0x6e5376]
V  [jvm.dll+0x6dd5bb]
V  [jvm.dll+0x6dcbf2]
V  [jvm.dll+0x6dadbc]
V  [jvm.dll+0x1c8c6c]
V  [jvm.dll+0x1c981a]
V  [jvm.dll+0x2f00b4]
V  [jvm.dll+0x6e5376]
V  [jvm.dll+0x6dd5bb]
V  [jvm.dll+0x6dcbf2]
V  [jvm.dll+0x6dadbc]
V  [jvm.dll+0x1c8c6c]
V  [jvm.dll+0x1c981a]
V  [jvm.dll+0x1c981a]
V  [jvm.dll+0x1c975c]
V  [jvm.dll+0x2f00b4]
V  [jvm.dll+0x6e5376]
V  [jvm.dll+0x6dd5bb]
V  [jvm.dll+0x6dcbf2]
V  [jvm.dll+0x6dadbc]
V  [jvm.dll+0x1c8c6c]
V  [jvm.dll+0x1c981a]
V  [jvm.dll+0x1c981a]
V  [jvm.dll+0x2f00b4]
V  [jvm.dll+0x6e5376]
V  [jvm.dll+0x6dd5bb]
V  [jvm.dll+0x6dcbf2]
V  [jvm.dll+0x6dadbc]
V  [jvm.dll+0x1c8c6c]
V  [jvm.dll+0x245c6d]
V  [jvm.dll+0x1c5804]
V  [jvm.dll+0x25575c]
V  [jvm.dll+0x253c36]
V  [jvm.dll+0x3ec996]
V  [jvm.dll+0x800d78]
V  [jvm.dll+0x6c98cd]
C  [ucrtbase.dll+0x1d912]
C  [KERNEL32.DLL+0x17bd4]
C  [ntdll.dll+0x6ce71]


---------------  P R O C E S S  ---------------

Threads class SMR info:
_java_thread_list=0x0000020943e1e150, length=24, elements={
0x0000020921a82230, 0x000002093dc5e760, 0x0000020942053880, 0x00000209420545a0,
0x0000020942055000, 0x0000020942031e50, 0x00000209420324c0, 0x0000020942033250,
0x00000209420364a0, 0x000002093dba0f90, 0x00000209423fe810, 0x00000209431bb2e0,
0x0000020942eb1560, 0x0000020942fc8310, 0x0000020943239f80, 0x0000020943c953c0,
0x0000020942fbb390, 0x0000020942fc02e0, 0x0000020943cd8110, 0x0000020943cd87a0,
0x0000020943cda870, 0x0000020943cd94c0, 0x0000020943cd9b50, 0x0000020943cd8e30
}

Java Threads: ( => current thread )
  0x0000020921a82230 JavaThread "main"                              [_thread_blocked, id=15204, stack(0x0000007750100000,0x0000007750200000) (1024K)]
  0x000002093dc5e760 JavaThread "Reference Handler"          daemon [_thread_blocked, id=15400, stack(0x0000007750a00000,0x0000007750b00000) (1024K)]
  0x0000020942053880 JavaThread "Finalizer"                  daemon [_thread_blocked, id=15404, stack(0x0000007750b00000,0x0000007750c00000) (1024K)]
  0x00000209420545a0 JavaThread "Signal Dispatcher"          daemon [_thread_blocked, id=15408, stack(0x0000007750c00000,0x0000007750d00000) (1024K)]
  0x0000020942055000 JavaThread "Attach Listener"            daemon [_thread_blocked, id=15412, stack(0x0000007750d00000,0x0000007750e00000) (1024K)]
  0x0000020942031e50 JavaThread "Service Thread"             daemon [_thread_blocked, id=15416, stack(0x0000007750e00000,0x0000007750f00000) (1024K)]
  0x00000209420324c0 JavaThread "Monitor Deflation Thread"   daemon [_thread_blocked, id=15420, stack(0x0000007750f00000,0x0000007751000000) (1024K)]
=>0x0000020942033250 JavaThread "C2 CompilerThread0"         daemon [_thread_in_native, id=15424, stack(0x0000007751000000,0x0000007751100000) (1024K)]
  0x00000209420364a0 JavaThread "C1 CompilerThread0"         daemon [_thread_blocked, id=15428, stack(0x0000007751100000,0x0000007751200000) (1024K)]
  0x000002093dba0f90 JavaThread "Common-Cleaner"             daemon [_thread_blocked, id=15468, stack(0x0000007751200000,0x0000007751300000) (1024K)]
  0x00000209423fe810 JavaThread "Notification Thread"        daemon [_thread_blocked, id=15732, stack(0x0000007751300000,0x0000007751400000) (1024K)]
  0x00000209431bb2e0 JavaThread "Daemon health stats"               [_thread_blocked, id=624, stack(0x0000007751800000,0x0000007751900000) (1024K)]
  0x0000020942eb1560 JavaThread "Incoming local TCP Connector on port 50393"        [_thread_in_native, id=13556, stack(0x0000007751c00000,0x0000007751d00000) (1024K)]
  0x0000020942fc8310 JavaThread "Daemon periodic checks"            [_thread_blocked, id=14436, stack(0x0000007751d00000,0x0000007751e00000) (1024K)]
  0x0000020943239f80 JavaThread "Daemon"                            [_thread_blocked, id=12684, stack(0x0000007751e00000,0x0000007751f00000) (1024K)]
  0x0000020943c953c0 JavaThread "Handler for socket connection from /127.0.0.1:50393 to /127.0.0.1:50401"        [_thread_in_native, id=5904, stack(0x0000007751f00000,0x0000007752000000) (1024K)]
  0x0000020942fbb390 JavaThread "Cancel handler"                    [_thread_blocked, id=14624, stack(0x0000007752000000,0x0000007752100000) (1024K)]
  0x0000020942fc02e0 JavaThread "Daemon worker"                     [_thread_in_vm, id=16208, stack(0x0000007752100000,0x0000007752200000) (1024K)]
  0x0000020943cd8110 JavaThread "Asynchronous log dispatcher for DefaultDaemonConnection: socket connection from /127.0.0.1:50393 to /127.0.0.1:50401"        [_thread_blocked, id=13416, stack(0x0000007752200000,0x0000007752300000) (1024K)]
  0x0000020943cd87a0 JavaThread "Stdin handler"                     [_thread_blocked, id=13680, stack(0x0000007752300000,0x0000007752400000) (1024K)]
  0x0000020943cda870 JavaThread "Daemon client event forwarder"        [_thread_blocked, id=764, stack(0x0000007752400000,0x0000007752500000) (1024K)]
  0x0000020943cd94c0 JavaThread "Cache worker for journal cache (C:\Users\User\.gradle\caches\journal-1)"        [_thread_blocked, id=2632, stack(0x0000007752600000,0x0000007752700000) (1024K)]
  0x0000020943cd9b50 JavaThread "File lock request listener"        [_thread_in_native, id=7404, stack(0x0000007752700000,0x0000007752800000) (1024K)]
  0x0000020943cd8e30 JavaThread "File lock release action executor"        [_thread_blocked, id=15756, stack(0x0000007752800000,0x0000007752900000) (1024K)]
Total: 24

Other Threads:
  0x000002093dc019e0 VMThread "VM Thread"                           [id=11448, stack(0x0000007750900000,0x0000007750a00000) (1024K)]
  0x000002093dba0330 WatcherThread "VM Periodic Task Thread"        [id=6052, stack(0x0000007750800000,0x0000007750900000) (1024K)]
  0x0000020923daef60 WorkerThread "GC Thread#0"                     [id=2152, stack(0x0000007750300000,0x0000007750400000) (1024K)]
  0x000002094271f880 WorkerThread "GC Thread#1"                     [id=16012, stack(0x0000007751400000,0x0000007751500000) (1024K)]
  0x000002094271fc20 WorkerThread "GC Thread#2"                     [id=16016, stack(0x0000007751500000,0x0000007751600000) (1024K)]
  0x0000020942384960 WorkerThread "GC Thread#3"                     [id=16224, stack(0x0000007751600000,0x0000007751700000) (1024K)]
  0x0000020942e00670 WorkerThread "GC Thread#4"                     [id=16284, stack(0x0000007751700000,0x0000007751800000) (1024K)]
  0x0000020942ec6280 WorkerThread "GC Thread#5"                     [id=964, stack(0x0000007751900000,0x0000007751a00000) (1024K)]
  0x0000020942447b70 WorkerThread "GC Thread#6"                     [id=3992, stack(0x0000007751a00000,0x0000007751b00000) (1024K)]
  0x00000209430a2830 WorkerThread "GC Thread#7"                     [id=11556, stack(0x0000007751b00000,0x0000007751c00000) (1024K)]
  0x0000020923dbfe50 ConcurrentGCThread "G1 Main Marker"            [id=15168, stack(0x0000007750400000,0x0000007750500000) (1024K)]
  0x0000020923dc0860 WorkerThread "G1 Conc#0"                       [id=7352, stack(0x0000007750500000,0x0000007750600000) (1024K)]
  0x00000209424eefd0 WorkerThread "G1 Conc#1"                       [id=5996, stack(0x0000007752500000,0x0000007752600000) (1024K)]
  0x0000020923e04b90 ConcurrentGCThread "G1 Refine#0"               [id=13764, stack(0x0000007750600000,0x0000007750700000) (1024K)]
  0x0000020923e05610 ConcurrentGCThread "G1 Service"                [id=4892, stack(0x0000007750700000,0x0000007750800000) (1024K)]
Total: 15

Threads with active compile tasks:
C2 CompilerThread0    48823 2712   !   4       java.lang.ClassLoader::loadClass (121 bytes)
Total: 1

VM state: not at safepoint (normal execution)

VM Mutex/Monitor currently owned by a thread: None

Heap address: 0x0000000700000000, size: 4096 MB, Compressed Oops mode: Zero based, Oop shift amount: 3

CDS archive(s) not mapped
Compressed class space mapped at: 0x0000000800000000-0x0000000840000000, reserved size: 1073741824
Narrow klass base: 0x0000000800000000, Narrow klass shift: 0, Narrow klass range: 0x40000000

GC Precious Log:
 CardTable entry size: 512
 Card Set container configuration: InlinePtr #cards 4 size 8 Array Of Cards #cards 16 size 48 Howl #buckets 8 coarsen threshold 3686 Howl Bitmap #cards 512 size 80 coarsen threshold 460 Card regions per heap region 1 cards per card region 4096
 CPUs: 8 total, 8 available
 Memory: 8002M
 Large Page Support: Disabled
 NUMA Support: Disabled
 Compressed Oops: Enabled (Zero based)
 Heap Region Size: 2M
 Heap Min Capacity: 8M
 Heap Initial Capacity: 126M
 Heap Max Capacity: 4G
 Pre-touch: Disabled
 Parallel Workers: 8
 Concurrent Workers: 2
 Concurrent Refinement Workers: 8
 Periodic GC: Disabled

Heap:
 garbage-first heap   total 81920K, used 40978K [0x0000000700000000, 0x0000000800000000)
  region size 2048K, 13 young (26624K), 2 survivors (4096K)
 Metaspace       used 24910K, committed 25344K, reserved 1114112K
  class space    used 3026K, committed 3200K, reserved 1048576K

Heap Regions: E=young(eden), S=young(survivor), O=old, HS=humongous(starts), HC=humongous(continues), CS=collection set, F=free, TAMS=top-at-mark-start, PB=parsable bottom
|   0|0x0000000700000000, 0x0000000700200000, 0x0000000700200000|100%|HS|  |TAMS 0x0000000700000000| PB 0x0000000700000000| Complete 
|   1|0x0000000700200000, 0x0000000700400000, 0x0000000700400000|100%|HC|  |TAMS 0x0000000700200000| PB 0x0000000700200000| Complete 
|   2|0x0000000700400000, 0x0000000700600000, 0x0000000700600000|100%| O|  |TAMS 0x0000000700400000| PB 0x0000000700400000| Untracked 
|   3|0x0000000700600000, 0x0000000700800000, 0x0000000700800000|100%| O|  |TAMS 0x0000000700600000| PB 0x0000000700600000| Untracked 
|   4|0x0000000700800000, 0x0000000700a00000, 0x0000000700a00000|100%| O|  |TAMS 0x0000000700800000| PB 0x0000000700800000| Untracked 
|   5|0x0000000700a00000, 0x0000000700c00000, 0x0000000700c00000|100%| O|  |TAMS 0x0000000700a00000| PB 0x0000000700a00000| Untracked 
|   6|0x0000000700c00000, 0x0000000700e00000, 0x0000000700e00000|100%| O|  |TAMS 0x0000000700c00000| PB 0x0000000700c00000| Untracked 
|   7|0x0000000700e00000, 0x0000000701000000, 0x0000000701000000|100%| O|  |TAMS 0x0000000700e00000| PB 0x0000000700e00000| Untracked 
|   8|0x0000000701000000, 0x00000007011eac78, 0x0000000701200000| 95%| O|  |TAMS 0x0000000701000000| PB 0x0000000701000000| Untracked 
|   9|0x0000000701200000, 0x0000000701200000, 0x0000000701400000|  0%| F|  |TAMS 0x0000000701200000| PB 0x0000000701200000| Untracked 
|  10|0x0000000701400000, 0x0000000701400000, 0x0000000701600000|  0%| F|  |TAMS 0x0000000701400000| PB 0x0000000701400000| Untracked 
|  11|0x0000000701600000, 0x0000000701600000, 0x0000000701800000|  0%| F|  |TAMS 0x0000000701600000| PB 0x0000000701600000| Untracked 
|  12|0x0000000701800000, 0x0000000701800000, 0x0000000701a00000|  0%| F|  |TAMS 0x0000000701800000| PB 0x0000000701800000| Untracked 
|  13|0x0000000701a00000, 0x0000000701a00000, 0x0000000701c00000|  0%| F|  |TAMS 0x0000000701a00000| PB 0x0000000701a00000| Untracked 
|  14|0x0000000701c00000, 0x0000000701c00000, 0x0000000701e00000|  0%| F|  |TAMS 0x0000000701c00000| PB 0x0000000701c00000| Untracked 
|  15|0x0000000701e00000, 0x0000000701e00000, 0x0000000702000000|  0%| F|  |TAMS 0x0000000701e00000| PB 0x0000000701e00000| Untracked 
|  16|0x0000000702000000, 0x0000000702000000, 0x0000000702200000|  0%| F|  |TAMS 0x0000000702000000| PB 0x0000000702000000| Untracked 
|  17|0x0000000702200000, 0x0000000702200000, 0x0000000702400000|  0%| F|  |TAMS 0x0000000702200000| PB 0x0000000702200000| Untracked 
|  18|0x0000000702400000, 0x0000000702400000, 0x0000000702600000|  0%| F|  |TAMS 0x0000000702400000| PB 0x0000000702400000| Untracked 
|  19|0x0000000702600000, 0x0000000702600000, 0x0000000702800000|  0%| F|  |TAMS 0x0000000702600000| PB 0x0000000702600000| Untracked 
|  20|0x0000000702800000, 0x0000000702800000, 0x0000000702a00000|  0%| F|  |TAMS 0x0000000702800000| PB 0x0000000702800000| Untracked 
|  21|0x0000000702a00000, 0x0000000702a00000, 0x0000000702c00000|  0%| F|  |TAMS 0x0000000702a00000| PB 0x0000000702a00000| Untracked 
|  22|0x0000000702c00000, 0x0000000702c00000, 0x0000000702e00000|  0%| F|  |TAMS 0x0000000702c00000| PB 0x0000000702c00000| Untracked 
|  23|0x0000000702e00000, 0x0000000702e00000, 0x0000000703000000|  0%| F|  |TAMS 0x0000000702e00000| PB 0x0000000702e00000| Untracked 
|  24|0x0000000703000000, 0x0000000703000000, 0x0000000703200000|  0%| F|  |TAMS 0x0000000703000000| PB 0x0000000703000000| Untracked 
|  25|0x0000000703200000, 0x0000000703200000, 0x0000000703400000|  0%| F|  |TAMS 0x0000000703200000| PB 0x0000000703200000| Untracked 
|  26|0x0000000703400000, 0x0000000703400000, 0x0000000703600000|  0%| F|  |TAMS 0x0000000703400000| PB 0x0000000703400000| Untracked 
|  27|0x0000000703600000, 0x000000070367b698, 0x0000000703800000| 24%| E|  |TAMS 0x0000000703600000| PB 0x0000000703600000| Complete 
|  28|0x0000000703800000, 0x0000000703a00000, 0x0000000703a00000|100%| E|CS|TAMS 0x0000000703800000| PB 0x0000000703800000| Complete 
|  29|0x0000000703a00000, 0x0000000703c00000, 0x0000000703c00000|100%| E|CS|TAMS 0x0000000703a00000| PB 0x0000000703a00000| Complete 
|  30|0x0000000703c00000, 0x0000000703e00000, 0x0000000703e00000|100%| E|CS|TAMS 0x0000000703c00000| PB 0x0000000703c00000| Complete 
|  31|0x0000000703e00000, 0x0000000704000000, 0x0000000704000000|100%| E|CS|TAMS 0x0000000703e00000| PB 0x0000000703e00000| Complete 
|  32|0x0000000704000000, 0x0000000704200000, 0x0000000704200000|100%| E|CS|TAMS 0x0000000704000000| PB 0x0000000704000000| Complete 
|  33|0x0000000704200000, 0x0000000704400000, 0x0000000704400000|100%| E|CS|TAMS 0x0000000704200000| PB 0x0000000704200000| Complete 
|  34|0x0000000704400000, 0x0000000704600000, 0x0000000704600000|100%| E|CS|TAMS 0x0000000704400000| PB 0x0000000704400000| Complete 
|  35|0x0000000704600000, 0x0000000704800000, 0x0000000704800000|100%| E|CS|TAMS 0x0000000704600000| PB 0x0000000704600000| Complete 
|  36|0x0000000704800000, 0x0000000704a00000, 0x0000000704a00000|100%| E|CS|TAMS 0x0000000704800000| PB 0x0000000704800000| Complete 
|  51|0x0000000706600000, 0x0000000706619f00, 0x0000000706800000|  5%| S|CS|TAMS 0x0000000706600000| PB 0x0000000706600000| Complete 
|  52|0x0000000706800000, 0x0000000706a00000, 0x0000000706a00000|100%| S|CS|TAMS 0x0000000706800000| PB 0x0000000706800000| Complete 
|  62|0x0000000707c00000, 0x0000000707e00000, 0x0000000707e00000|100%| E|CS|TAMS 0x0000000707c00000| PB 0x0000000707c00000| Complete 

Card table byte_map: [0x00000209369d0000,0x00000209371d0000] _byte_map_base: 0x00000209331d0000

Marking Bits: (CMBitMap*) 0x0000020923daf570
 Bits: [0x00000209371d0000, 0x000002093b1d0000)

Polling page: 0x0000020921c70000

Metaspace:

Usage:
  Non-class:     21.37 MB used.
      Class:      2.96 MB used.
       Both:     24.33 MB used.

Virtual space:
  Non-class space:       64.00 MB reserved,      21.63 MB ( 34%) committed,  1 nodes.
      Class space:        1.00 GB reserved,       3.13 MB ( <1%) committed,  1 nodes.
             Both:        1.06 GB reserved,      24.75 MB (  2%) committed. 

Chunk freelists:
   Non-Class:  10.27 MB
       Class:  12.85 MB
        Both:  23.11 MB

MaxMetaspaceSize: 2.00 GB
CompressedClassSpaceSize: 1.00 GB
Initial GC threshold: 21.00 MB
Current GC threshold: 35.44 MB
CDS: off
 - commit_granule_bytes: 65536.
 - commit_granule_words: 8192.
 - virtual_space_node_default_size: 8388608.
 - enlarge_chunks_in_place: 1.
 - use_allocation_guard: 0.


Internal statistics:

num_allocs_failed_limit: 3.
num_arena_births: 504.
num_arena_deaths: 0.
num_vsnodes_births: 2.
num_vsnodes_deaths: 0.
num_space_committed: 396.
num_space_uncommitted: 0.
num_chunks_returned_to_freelist: 3.
num_chunks_taken_from_freelist: 1061.
num_chunk_merges: 3.
num_chunk_splits: 672.
num_chunks_enlarged: 471.
num_inconsistent_stats: 0.

CodeHeap 'non-profiled nmethods': size=120000Kb used=1232Kb max_used=1232Kb free=118767Kb
 bounds [0x000002092e960000, 0x000002092ebd0000, 0x0000020935e90000]
CodeHeap 'profiled nmethods': size=120000Kb used=5634Kb max_used=5634Kb free=114365Kb
 bounds [0x0000020926e90000, 0x0000020927420000, 0x000002092e3c0000]
CodeHeap 'non-nmethods': size=5760Kb used=1445Kb max_used=1460Kb free=4314Kb
 bounds [0x000002092e3c0000, 0x000002092e630000, 0x000002092e960000]
 total_blobs=3266 nmethods=2716 adapters=454
 compilation: enabled
              stopped_count=0, restarted_count=0
 full_count=0

Compilation events (20 events):
Event: 47.766 Thread 0x00000209420364a0 nmethod 2702 0x0000020927406010 code [0x0000020927406200, 0x0000020927406850]
Event: 47.766 Thread 0x00000209420364a0 2703       3       java.util.regex.Pattern$GroupHead::match (47 bytes)
Event: 47.767 Thread 0x00000209420364a0 nmethod 2703 0x0000020927406a90 code [0x0000020927406c40, 0x0000020927406eb8]
Event: 47.767 Thread 0x00000209420364a0 2704       3       java.util.regex.Matcher::checkGroup (41 bytes)
Event: 47.769 Thread 0x00000209420364a0 nmethod 2704 0x0000020927407090 code [0x00000209274072c0, 0x0000020927407958]
Event: 47.769 Thread 0x00000209420364a0 2705       3       org.gradle.util.internal.DefaultGradleVersion::compareTo (294 bytes)
Event: 47.771 Thread 0x00000209420364a0 nmethod 2705 0x0000020927407c10 code [0x0000020927407fe0, 0x0000020927409698]
Event: 47.787 Thread 0x00000209420364a0 2706       3       java.util.regex.Pattern$GroupTail::match (111 bytes)
Event: 47.787 Thread 0x00000209420364a0 nmethod 2706 0x0000020927409e90 code [0x000002092740a060, 0x000002092740a428]
Event: 47.788 Thread 0x00000209420364a0 2707       1       java.lang.Character::charValue (5 bytes)
Event: 47.788 Thread 0x00000209420364a0 nmethod 2707 0x000002092ea93b90 code [0x000002092ea93d20, 0x000002092ea93df0]
Event: 47.788 Thread 0x0000020942033250 2708       4       java.util.regex.Pattern::peek (26 bytes)
Event: 47.789 Thread 0x00000209420364a0 2709       3       org.gradle.util.internal.DefaultGradleVersion::compareTo (9 bytes)
Event: 47.790 Thread 0x00000209420364a0 nmethod 2709 0x000002092740a610 code [0x000002092740a7c0, 0x000002092740a9f0]
Event: 47.790 Thread 0x0000020942033250 nmethod 2708 0x000002092ea93e90 code [0x000002092ea94020, 0x000002092ea94120]
Event: 47.794 Thread 0x00000209420364a0 2710       3       java.util.TreeMap::leftOf (13 bytes)
Event: 47.794 Thread 0x00000209420364a0 nmethod 2710 0x000002092740aa90 code [0x000002092740ac40, 0x000002092740adb0]
Event: 47.795 Thread 0x00000209420364a0 2711       3       java.util.TreeMap::setColor (10 bytes)
Event: 47.795 Thread 0x00000209420364a0 nmethod 2711 0x000002092740ae90 code [0x000002092740b020, 0x000002092740b150]
Event: 48.699 Thread 0x0000020942033250 2712   !   4       java.lang.ClassLoader::loadClass (121 bytes)

GC Heap History (8 events):
Event: 5.254 GC heap before
{Heap before GC invocations=0 (full 0):
 garbage-first heap   total 129024K, used 22528K [0x0000000700000000, 0x0000000800000000)
  region size 2048K, 11 young (22528K), 0 survivors (0K)
 Metaspace       used 7916K, committed 8064K, reserved 1114112K
  class space    used 713K, committed 768K, reserved 1048576K
}
Event: 5.265 GC heap after
{Heap after GC invocations=1 (full 0):
 garbage-first heap   total 129024K, used 2048K [0x0000000700000000, 0x0000000800000000)
  region size 2048K, 1 young (2048K), 1 survivors (2048K)
 Metaspace       used 7916K, committed 8064K, reserved 1114112K
  class space    used 713K, committed 768K, reserved 1048576K
}
Event: 17.675 GC heap before
{Heap before GC invocations=1 (full 0):
 garbage-first heap   total 129024K, used 45056K [0x0000000700000000, 0x0000000800000000)
  region size 2048K, 21 young (43008K), 1 survivors (2048K)
 Metaspace       used 12155K, committed 12352K, reserved 1114112K
  class space    used 1289K, committed 1408K, reserved 1048576K
}
Event: 17.688 GC heap after
{Heap after GC invocations=2 (full 0):
 garbage-first heap   total 129024K, used 11445K [0x0000000700000000, 0x0000000800000000)
  region size 2048K, 3 young (6144K), 3 survivors (6144K)
 Metaspace       used 12155K, committed 12352K, reserved 1114112K
  class space    used 1289K, committed 1408K, reserved 1048576K
}
Event: 30.540 GC heap before
{Heap before GC invocations=2 (full 0):
 garbage-first heap   total 129024K, used 58549K [0x0000000700000000, 0x0000000800000000)
  region size 2048K, 27 young (55296K), 3 survivors (6144K)
 Metaspace       used 15977K, committed 16256K, reserved 1114112K
  class space    used 1793K, committed 1920K, reserved 1048576K
}
Event: 30.557 GC heap after
{Heap after GC invocations=3 (full 0):
 garbage-first heap   total 129024K, used 18487K [0x0000000700000000, 0x0000000800000000)
  region size 2048K, 4 young (8192K), 4 survivors (8192K)
 Metaspace       used 15977K, committed 16256K, reserved 1114112K
  class space    used 1793K, committed 1920K, reserved 1048576K
}
Event: 40.980 GC heap before
{Heap before GC invocations=3 (full 0):
 garbage-first heap   total 129024K, used 36919K [0x0000000700000000, 0x0000000800000000)
  region size 2048K, 14 young (28672K), 4 survivors (8192K)
 Metaspace       used 21243K, committed 21504K, reserved 1114112K
  class space    used 2483K, committed 2624K, reserved 1048576K
}
Event: 40.989 GC heap after
{Heap after GC invocations=4 (full 0):
 garbage-first heap   total 129024K, used 20498K [0x0000000700000000, 0x0000000800000000)
  region size 2048K, 2 young (4096K), 2 survivors (4096K)
 Metaspace       used 21243K, committed 21504K, reserved 1114112K
  class space    used 2483K, committed 2624K, reserved 1048576K
}

Dll operation events (3 events):
Event: 0.273 Loaded shared library C:\Program Files\Android\Android Studio\jbr\bin\java.dll
Event: 0.287 Loaded shared library C:\Program Files\Android\Android Studio\jbr\bin\zip.dll
Event: 6.262 Loaded shared library C:\Program Files\Android\Android Studio\jbr\bin\verify.dll

Deoptimization events (20 events):
Event: 43.425 Thread 0x0000020942fc02e0 Uncommon trap: trap_request=0xffffff45 fr.pc=0x000002092e9ed650 relative=0x0000000000000310
Event: 43.425 Thread 0x0000020942fc02e0 Uncommon trap: reason=unstable_if action=reinterpret pc=0x000002092e9ed650 method=java.util.concurrent.ConcurrentHashMap.get(Ljava/lang/Object;)Ljava/lang/Object; @ 152 c2
Event: 43.425 Thread 0x0000020942fc02e0 DEOPT PACKING pc=0x000002092e9ed650 sp=0x00000077521fbe90
Event: 43.425 Thread 0x0000020942fc02e0 DEOPT UNPACKING pc=0x000002092e4146a2 sp=0x00000077521fbdf8 mode 2
Event: 44.258 Thread 0x0000020942fc02e0 Uncommon trap: trap_request=0xffffffcc fr.pc=0x000002092ea75f44 relative=0x0000000000000384
Event: 44.258 Thread 0x0000020942fc02e0 Uncommon trap: reason=intrinsic_or_type_checked_inlining action=make_not_entrant pc=0x000002092ea75f44 method=java.util.Arrays.copyOf([Ljava/lang/Object;ILjava/lang/Class;)[Ljava/lang/Object; @ 35 c2
Event: 44.258 Thread 0x0000020942fc02e0 DEOPT PACKING pc=0x000002092ea75f44 sp=0x00000077521fcb80
Event: 44.258 Thread 0x0000020942fc02e0 DEOPT UNPACKING pc=0x000002092e4146a2 sp=0x00000077521fcb10 mode 2
Event: 46.932 Thread 0x0000020942fc02e0 Uncommon trap: trap_request=0xffffffde fr.pc=0x000002092ea29364 relative=0x0000000000000304
Event: 46.932 Thread 0x0000020942fc02e0 Uncommon trap: reason=class_check action=maybe_recompile pc=0x000002092ea29364 method=java.util.regex.Pattern$BmpCharPropertyGreedy.match(Ljava/util/regex/Matcher;ILjava/lang/CharSequence;)Z @ 26 c2
Event: 46.932 Thread 0x0000020942fc02e0 DEOPT PACKING pc=0x000002092ea29364 sp=0x00000077521fc490
Event: 46.932 Thread 0x0000020942fc02e0 DEOPT UNPACKING pc=0x000002092e4146a2 sp=0x00000077521fc428 mode 2
Event: 46.932 Thread 0x0000020942fc02e0 Uncommon trap: trap_request=0xffffffde fr.pc=0x000002092ea29364 relative=0x0000000000000304
Event: 46.932 Thread 0x0000020942fc02e0 Uncommon trap: reason=class_check action=maybe_recompile pc=0x000002092ea29364 method=java.util.regex.Pattern$BmpCharPropertyGreedy.match(Ljava/util/regex/Matcher;ILjava/lang/CharSequence;)Z @ 26 c2
Event: 46.932 Thread 0x0000020942fc02e0 DEOPT PACKING pc=0x000002092ea29364 sp=0x00000077521fc3e0
Event: 46.932 Thread 0x0000020942fc02e0 DEOPT UNPACKING pc=0x000002092e4146a2 sp=0x00000077521fc398 mode 2
Event: 47.739 Thread 0x0000020942fc02e0 Uncommon trap: trap_request=0xffffff45 fr.pc=0x000002092e97f298 relative=0x00000000000001d8
Event: 47.739 Thread 0x0000020942fc02e0 Uncommon trap: reason=unstable_if action=reinterpret pc=0x000002092e97f298 method=java.util.regex.Matcher.reset()Ljava/util/regex/Matcher; @ 47 c2
Event: 47.739 Thread 0x0000020942fc02e0 DEOPT PACKING pc=0x000002092e97f298 sp=0x00000077521fad00
Event: 47.739 Thread 0x0000020942fc02e0 DEOPT UNPACKING pc=0x000002092e4146a2 sp=0x00000077521fac88 mode 2

Classes loaded (20 events):
Event: 46.899 Loading class java/nio/file/NoSuchFileException
Event: 46.899 Loading class java/nio/file/FileSystemException
Event: 46.899 Loading class java/nio/file/FileSystemException done
Event: 46.899 Loading class java/nio/file/NoSuchFileException done
Event: 46.901 Loading class java/nio/file/attribute/PosixFilePermissions
Event: 46.901 Loading class java/nio/file/attribute/PosixFilePermissions done
Event: 46.901 Loading class java/nio/file/attribute/PosixFilePermissions$1
Event: 46.901 Loading class java/nio/file/attribute/PosixFilePermissions$1 done
Event: 46.937 Loading class java/time/temporal/Temporal
Event: 46.937 Loading class java/time/temporal/TemporalAccessor
Event: 46.937 Loading class java/time/temporal/TemporalAccessor done
Event: 46.937 Loading class java/time/temporal/Temporal done
Event: 46.965 Loading class java/util/concurrent/ArrayBlockingQueue
Event: 46.965 Loading class java/util/concurrent/ArrayBlockingQueue done
Event: 46.966 Loading class java/util/concurrent/locks/ReentrantLock$FairSync
Event: 46.966 Loading class java/util/concurrent/locks/ReentrantLock$FairSync done
Event: 46.977 Loading class sun/misc/Unsafe
Event: 46.978 Loading class sun/misc/Unsafe done
Event: 47.041 Loading class sun/nio/ch/DatagramChannelImpl$DatagramPackets
Event: 47.041 Loading class sun/nio/ch/DatagramChannelImpl$DatagramPackets done

Classes unloaded (0 events):
No events

Classes redefined (0 events):
No events

Internal exceptions (20 events):
Event: 31.057 Thread 0x0000020921a82230 Exception <a 'java/lang/NoSuchMethodError'{0x0000000707b33fc8}: 'java.lang.Object java.lang.invoke.DirectMethodHandle$Holder.invokeVirtual(java.lang.Object, java.lang.Object, java.lang.Object, java.lang.Object, java.lang.Object, java.lang.Object, java.lang.Object, java.lang.Object, java.lang.Object)'> (0x0000000707b33fc8) 
thrown [s\src\hotspot\share\interpreter\linkResolver.cpp, line 784]
Event: 31.910 Thread 0x0000020921a82230 Exception <a 'java/lang/NoSuchMethodError'{0x00000007078ec690}: 'java.lang.Object java.lang.invoke.DirectMethodHandle$Holder.invokeStaticInit(java.lang.Object, int, int, int, int)'> (0x00000007078ec690) 
thrown [s\src\hotspot\share\interpreter\linkResolver.cpp, line 784]
Event: 32.936 Thread 0x0000020921a82230 Exception <a 'java/lang/NoSuchMethodError'{0x0000000707959f68}: 'java.lang.Object java.lang.invoke.DirectMethodHandle$Holder.invokeStaticInit(java.lang.Object, java.lang.Object, int, int, int, int)'> (0x0000000707959f68) 
thrown [s\src\hotspot\share\interpreter\linkResolver.cpp, line 784]
Event: 33.378 Thread 0x0000020921a82230 Exception <a 'java/lang/NoSuchMethodError'{0x0000000707677e70}: 'java.lang.Object java.lang.invoke.DirectMethodHandle$Holder.invokeStaticInit(java.lang.Object, int)'> (0x0000000707677e70) 
thrown [s\src\hotspot\share\interpreter\linkResolver.cpp, line 784]
Event: 34.113 Thread 0x0000020921a82230 Exception <a 'java/io/IOException'{0x0000000707499a78}> (0x0000000707499a78) 
thrown [s\src\hotspot\share\prims\jni.cpp, line 535]
Event: 34.121 Thread 0x0000020921a82230 Implicit null exception at 0x000002092e9bbf24 to 0x000002092e9bc5c4
Event: 34.136 Thread 0x0000020921a82230 Exception <a 'java/lang/NoSuchMethodError'{0x00000007074f7b30}: 'java.lang.Object java.lang.invoke.DirectMethodHandle$Holder.newInvokeSpecial(java.lang.Object, java.lang.Object, java.lang.Object, java.lang.Object, java.lang.Object)'> (0x00000007074f7b30) 
thrown [s\src\hotspot\share\interpreter\linkResolver.cpp, line 784]
Event: 39.586 Thread 0x0000020943239f80 Exception <a 'java/lang/NoSuchMethodError'{0x0000000707191d18}: 'void java.lang.invoke.DirectMethodHandle$Holder.invokeSpecial(java.lang.Object, java.lang.Object, java.lang.Object)'> (0x0000000707191d18) 
thrown [s\src\hotspot\share\interpreter\linkResolver.cpp, line 784]
Event: 40.558 Thread 0x0000020942fc02e0 Exception <a 'java/lang/NoSuchMethodError'{0x0000000706d7a7e8}: 'long java.lang.invoke.DirectMethodHandle$Holder.invokeInterface(java.lang.Object, java.lang.Object)'> (0x0000000706d7a7e8) 
thrown [s\src\hotspot\share\interpreter\linkResolver.cpp, line 784]
Event: 42.616 Thread 0x0000020942fc02e0 Exception <a 'java/lang/NoSuchMethodError'{0x0000000704979af8}: 'void java.lang.invoke.DirectMethodHandle$Holder.invokeStatic(java.lang.Object, java.lang.Object)'> (0x0000000704979af8) 
thrown [s\src\hotspot\share\interpreter\linkResolver.cpp, line 784]
Event: 42.838 Thread 0x0000020942fc02e0 Exception <a 'java/lang/NoSuchMethodError'{0x00000007049b0810}: 'java.lang.Object java.lang.invoke.DirectMethodHandle$Holder.invokeVirtual(java.lang.Object, java.lang.Object, java.lang.Object, java.lang.Object, java.lang.Object, java.lang.Object, java.lang.Object, java.lang.Object, java.lang.Object, java.lang.Object, java.lang.Object, java.lang.Object)'> (0x00000007049b0810) 
thrown [s\src\hotspot\share\interpreter\linkResolver.cpp, line 784]
Event: 42.849 Thread 0x0000020942fc02e0 Exception <a 'java/lang/NoSuchMethodError'{0x00000007049b5f50}: 'java.lang.Object java.lang.invoke.DirectMethodHandle$Holder.invokeSpecial(java.lang.Object, java.lang.Object, java.lang.Object, java.lang.Object, java.lang.Object, java.lang.Object, java.lang.Object, java.lang.Object, java.lang.Object, java.lang.Object, java.lang.Object, java.lang.Object, java.lang.Object)'> (0x00000007049b5f50) 
thrown [s\src\hotspot\share\interpreter\linkResolver.cpp, line 784]
Event: 43.782 Thread 0x0000020942fc02e0 Exception <a 'java/lang/NoSuchMethodError'{0x000000070479c468}: 'int java.lang.invoke.DirectMethodHandle$Holder.invokeVirtual(java.lang.Object, java.lang.Object, java.lang.Object)'> (0x000000070479c468) 
thrown [s\src\hotspot\share\interpreter\linkResolver.cpp, line 784]
Event: 44.345 Thread 0x0000020942fc02e0 Exception <a 'java/lang/NoSuchMethodError'{0x000000070426d888}: 'java.lang.Object java.lang.invoke.DirectMethodHandle$Holder.newInvokeSpecial(java.lang.Object, java.lang.Object, java.lang.Object, java.lang.Object, java.lang.Object, java.lang.Object)'> (0x000000070426d888) 
thrown [s\src\hotspot\share\interpreter\linkResolver.cpp, line 784]
Event: 45.174 Thread 0x0000020942fc02e0 Exception <a 'java/lang/NoSuchMethodError'{0x0000000704126930}: 'void java.lang.invoke.DelegatingMethodHandle$Holder.reinvoke_L(java.lang.Object, java.lang.Object, java.lang.Object, java.lang.Object, java.lang.Object, java.lang.Object, java.lang.Object, java.lang.Object, java.lang.Object, java.lang.Object)'> (0x0000000704126930) 
thrown [s\src\hotspot\share\interpreter\linkResolver.cpp, line 784]
Event: 45.188 Thread 0x0000020942fc02e0 Exception <a 'java/lang/NoSuchMethodError'{0x000000070412e330}: 'java.lang.Object java.lang.invoke.Invokers$Holder.invoker(java.lang.Object, java.lang.Object, java.lang.Object, java.lang.Object, java.lang.Object, java.lang.Object, java.lang.Object, java.lang.Object, java.lang.Object, java.lang.Object)'> (0x000000070412e330) 
thrown [s\src\hotspot\share\interpreter\linkResolver.cpp, line 784]
Event: 46.715 Thread 0x0000020942fc02e0 Exception <a 'java/lang/NoSuchMethodError'{0x0000000703d1c3a8}: 'void java.lang.invoke.DirectMethodHandle$Holder.invokeVirtual(java.lang.Object, java.lang.Object, java.lang.Object, java.lang.Object, java.lang.Object)'> (0x0000000703d1c3a8) 
thrown [s\src\hotspot\share\interpreter\linkResolver.cpp, line 784]
Event: 46.921 Thread 0x0000020942fc02e0 Exception <a 'java/lang/NoSuchMethodError'{0x0000000703ad5fd0}: 'void java.lang.invoke.DirectMethodHandle$Holder.invokeInterface(java.lang.Object, java.lang.Object)'> (0x0000000703ad5fd0) 
thrown [s\src\hotspot\share\interpreter\linkResolver.cpp, line 784]
Event: 46.921 Thread 0x0000020942fc02e0 Exception <a 'java/lang/IncompatibleClassChangeError'{0x0000000703ad9530}: Found class java.lang.Object, but interface was expected> (0x0000000703ad9530) 
thrown [s\src\hotspot\share\interpreter\linkResolver.cpp, line 851]
Event: 46.971 Thread 0x0000020942fc02e0 Exception <a 'java/lang/NoSuchMethodError'{0x0000000703bfbd78}: 'java.lang.Object java.lang.invoke.DirectMethodHandle$Holder.newInvokeSpecial(java.lang.Object, java.lang.Object, int)'> (0x0000000703bfbd78) 
thrown [s\src\hotspot\share\interpreter\linkResolver.cpp, line 784]

ZGC Phase Switch (0 events):
No events

VM Operations (20 events):
Event: 40.707 Executing VM operation: Cleanup
Event: 40.726 Executing VM operation: Cleanup done
Event: 40.980 Executing VM operation: CollectForMetadataAllocation (Metadata GC Threshold)
Event: 40.998 Executing VM operation: CollectForMetadataAllocation (Metadata GC Threshold) done
Event: 41.313 Executing VM operation: G1PauseRemark
Event: 41.316 Executing VM operation: G1PauseRemark done
Event: 41.318 Executing VM operation: G1PauseCleanup
Event: 41.324 Executing VM operation: G1PauseCleanup done
Event: 43.324 Executing VM operation: Cleanup
Event: 43.324 Executing VM operation: Cleanup done
Event: 44.324 Executing VM operation: Cleanup
Event: 44.325 Executing VM operation: Cleanup done
Event: 45.326 Executing VM operation: Cleanup
Event: 45.326 Executing VM operation: Cleanup done
Event: 46.967 Executing VM operation: HandshakeAllThreads (Deoptimize)
Event: 46.967 Executing VM operation: HandshakeAllThreads (Deoptimize) done
Event: 46.967 Executing VM operation: Cleanup
Event: 46.967 Executing VM operation: Cleanup done
Event: 47.967 Executing VM operation: Cleanup
Event: 47.968 Executing VM operation: Cleanup done

Events (20 events):
Event: 1.860 Thread 0x00000209423fe810 Thread added: 0x00000209423fe810
Event: 3.280 Loaded shared library C:\Program Files\Android\Android Studio\jbr\bin\jimage.dll
Event: 7.060 Loaded shared library C:\Users\User\.gradle\native\c067742578af261105cb4f569cf0c3c89f3d7b1fecec35dd04571415982c5e48\windows-amd64\native-platform.dll
Event: 7.395 Loaded shared library C:\Users\User\.gradle\native\100fb08df4bc3b14c8652ba06237920a3bd2aa13389f12d3474272988ae205f9\windows-amd64\native-platform-file-events.dll
Event: 29.786 Loaded shared library C:\Program Files\Android\Android Studio\jbr\bin\management.dll
Event: 29.791 Loaded shared library C:\Program Files\Android\Android Studio\jbr\bin\management_ext.dll
Event: 30.349 Thread 0x00000209431bb2e0 Thread added: 0x00000209431bb2e0
Event: 32.971 Loaded shared library C:\Program Files\Android\Android Studio\jbr\bin\extnet.dll
Event: 33.246 Thread 0x0000020942eb1560 Thread added: 0x0000020942eb1560
Event: 34.144 Thread 0x0000020942fc8310 Thread added: 0x0000020942fc8310
Event: 36.374 Thread 0x0000020943239f80 Thread added: 0x0000020943239f80
Event: 36.475 Thread 0x0000020943c953c0 Thread added: 0x0000020943c953c0
Event: 39.434 Thread 0x0000020942fbb390 Thread added: 0x0000020942fbb390
Event: 39.588 Thread 0x0000020942fc02e0 Thread added: 0x0000020942fc02e0
Event: 39.918 Thread 0x0000020943cd8110 Thread added: 0x0000020943cd8110
Event: 39.957 Thread 0x0000020943cd87a0 Thread added: 0x0000020943cd87a0
Event: 39.971 Thread 0x0000020943cda870 Thread added: 0x0000020943cda870
Event: 46.968 Thread 0x0000020943cd94c0 Thread added: 0x0000020943cd94c0
Event: 46.987 Thread 0x0000020943cd9b50 Thread added: 0x0000020943cd9b50
Event: 47.719 Thread 0x0000020943cd8e30 Thread added: 0x0000020943cd8e30


Dynamic libraries:
0x00007ff6dc940000 - 0x00007ff6dc94a000 	C:\Program Files\Android\Android Studio\jbr\bin\java.exe
0x00007fff96380000 - 0x00007fff96570000 	C:\Windows\SYSTEM32\ntdll.dll
0x00007fff94440000 - 0x00007fff944f2000 	C:\Windows\System32\KERNEL32.DLL
0x00007fff937d0000 - 0x00007fff93a73000 	C:\Windows\System32\KERNELBASE.dll
0x00007fff93450000 - 0x00007fff9354a000 	C:\Windows\System32\ucrtbase.dll
0x00007fff7bc10000 - 0x00007fff7bc28000 	C:\Program Files\Android\Android Studio\jbr\bin\jli.dll
0x00007fff95010000 - 0x00007fff951a3000 	C:\Windows\System32\USER32.dll
0x00007fff93ad0000 - 0x00007fff93af1000 	C:\Windows\System32\win32u.dll
0x00007fff96030000 - 0x00007fff96056000 	C:\Windows\System32\GDI32.dll
0x00007fff93b00000 - 0x00007fff93c94000 	C:\Windows\System32\gdi32full.dll
0x00007fff933b0000 - 0x00007fff9344e000 	C:\Windows\System32\msvcp_win.dll
0x00007fff7b830000 - 0x00007fff7b84b000 	C:\Program Files\Android\Android Studio\jbr\bin\VCRUNTIME140.dll
0x00007fff7be10000 - 0x00007fff7c095000 	C:\Windows\WinSxS\amd64_microsoft.windows.common-controls_6595b64144ccf1df_6.0.18362.239_none_e6c7aebd130c7608\COMCTL32.dll
0x00007fff962a0000 - 0x00007fff9633e000 	C:\Windows\System32\msvcrt.dll
0x00007fff951b0000 - 0x00007fff954e6000 	C:\Windows\System32\combase.dll
0x00007fff96180000 - 0x00007fff962a0000 	C:\Windows\System32\RPCRT4.dll
0x00007fff93550000 - 0x00007fff935d0000 	C:\Windows\System32\bcryptPrimitives.dll
0x00007fff954f0000 - 0x00007fff9551e000 	C:\Windows\System32\IMM32.DLL
0x00007fff8c690000 - 0x00007fff8c69c000 	C:\Program Files\Android\Android Studio\jbr\bin\vcruntime140_1.dll
0x00007fff5a030000 - 0x00007fff5a0bd000 	C:\Program Files\Android\Android Studio\jbr\bin\msvcp140.dll
0x00007fff41030000 - 0x00007fff41cad000 	C:\Program Files\Android\Android Studio\jbr\bin\server\jvm.dll
0x00007fff945e0000 - 0x00007fff94683000 	C:\Windows\System32\ADVAPI32.dll
0x00007fff960e0000 - 0x00007fff96177000 	C:\Windows\System32\sechost.dll
0x00007fff932b0000 - 0x00007fff932fa000 	C:\Windows\System32\POWRPROF.dll
0x00007fff93260000 - 0x00007fff93270000 	C:\Windows\System32\UMPDC.dll
0x00007fff95650000 - 0x00007fff956bf000 	C:\Windows\System32\WS2_32.dll
0x00007fff911f0000 - 0x00007fff91214000 	C:\Windows\SYSTEM32\WINMM.dll
0x00007fff84b90000 - 0x00007fff84b9a000 	C:\Windows\SYSTEM32\VERSION.dll
0x00007fff910b0000 - 0x00007fff910dd000 	C:\Windows\SYSTEM32\WINMMBASE.dll
0x00007fff93a80000 - 0x00007fff93aca000 	C:\Windows\System32\cfgmgr32.dll
0x00007fff93270000 - 0x00007fff93281000 	C:\Windows\System32\kernel.appcore.dll
0x00007fff7b880000 - 0x00007fff7b88a000 	C:\Program Files\Android\Android Studio\jbr\bin\jimage.dll
0x00007fff90d70000 - 0x00007fff90f64000 	C:\Windows\SYSTEM32\DBGHELP.DLL
0x00007fff6d4c0000 - 0x00007fff6d4ea000 	C:\Windows\SYSTEM32\dbgcore.DLL
0x00007fff75e50000 - 0x00007fff75e5e000 	C:\Program Files\Android\Android Studio\jbr\bin\instrument.dll
0x00007fff7b1e0000 - 0x00007fff7b1ff000 	C:\Program Files\Android\Android Studio\jbr\bin\java.dll
0x00007fff790b0000 - 0x00007fff790c8000 	C:\Program Files\Android\Android Studio\jbr\bin\zip.dll
0x00007fff947f0000 - 0x00007fff94ed0000 	C:\Windows\System32\SHELL32.dll
0x00007fff95d50000 - 0x00007fff95df9000 	C:\Windows\System32\shcore.dll
0x00007fff93ca0000 - 0x00007fff9441b000 	C:\Windows\System32\windows.storage.dll
0x00007fff93300000 - 0x00007fff9331f000 	C:\Windows\System32\profapi.dll
0x00007fff94760000 - 0x00007fff947b2000 	C:\Windows\System32\shlwapi.dll
0x00007fff94420000 - 0x00007fff94437000 	C:\Windows\System32\cryptsp.dll
0x00007fff7afd0000 - 0x00007fff7afe0000 	C:\Program Files\Android\Android Studio\jbr\bin\net.dll
0x00007fff8da50000 - 0x00007fff8db40000 	C:\Windows\SYSTEM32\WINHTTP.dll
0x00007fff92ad0000 - 0x00007fff92b37000 	C:\Windows\system32\mswsock.dll
0x00007fff75eb0000 - 0x00007fff75ec6000 	C:\Program Files\Android\Android Studio\jbr\bin\nio.dll
0x00007fff788e0000 - 0x00007fff788f0000 	C:\Program Files\Android\Android Studio\jbr\bin\verify.dll
0x00007fff5f770000 - 0x00007fff5f797000 	C:\Users\User\.gradle\native\c067742578af261105cb4f569cf0c3c89f3d7b1fecec35dd04571415982c5e48\windows-amd64\native-platform.dll
0x00007fff4c0e0000 - 0x00007fff4c224000 	C:\Users\User\.gradle\native\100fb08df4bc3b14c8652ba06237920a3bd2aa13389f12d3474272988ae205f9\windows-amd64\native-platform-file-events.dll
0x00007fff780e0000 - 0x00007fff780e9000 	C:\Program Files\Android\Android Studio\jbr\bin\management.dll
0x00007fff75e60000 - 0x00007fff75e6b000 	C:\Program Files\Android\Android Studio\jbr\bin\management_ext.dll
0x00007fff945d0000 - 0x00007fff945d8000 	C:\Windows\System32\PSAPI.DLL
0x00007fff92630000 - 0x00007fff92663000 	C:\Windows\system32\rsaenh.dll
0x00007fff93380000 - 0x00007fff933a6000 	C:\Windows\System32\bcrypt.dll
0x00007fff93150000 - 0x00007fff93175000 	C:\Windows\SYSTEM32\USERENV.dll
0x00007fff92ca0000 - 0x00007fff92cac000 	C:\Windows\SYSTEM32\CRYPTBASE.dll
0x00007fff92830000 - 0x00007fff9286a000 	C:\Windows\SYSTEM32\IPHLPAPI.DLL
0x00007fff947c0000 - 0x00007fff947c8000 	C:\Windows\System32\NSI.dll
0x00007fff81070000 - 0x00007fff81079000 	C:\Program Files\Android\Android Studio\jbr\bin\extnet.dll
0x00007fff91280000 - 0x00007fff91287000 	C:\Windows\system32\wshunix.dll

dbghelp: loaded successfully - version: 4.0.5 - missing functions: none
symbol engine: initialized successfully - sym options: 0x614 - pdb path: .;C:\Program Files\Android\Android Studio\jbr\bin;C:\Windows\SYSTEM32;C:\Windows\WinSxS\amd64_microsoft.windows.common-controls_6595b64144ccf1df_6.0.18362.239_none_e6c7aebd130c7608;C:\Program Files\Android\Android Studio\jbr\bin\server;C:\Users\User\.gradle\native\c067742578af261105cb4f569cf0c3c89f3d7b1fecec35dd04571415982c5e48\windows-amd64;C:\Users\User\.gradle\native\100fb08df4bc3b14c8652ba06237920a3bd2aa13389f12d3474272988ae205f9\windows-amd64

VM Arguments:
jvm_args: --add-opens=java.base/java.lang=ALL-UNNAMED --add-opens=java.base/java.lang.invoke=ALL-UNNAMED --add-opens=java.base/java.util=ALL-UNNAMED --add-opens=java.prefs/java.util.prefs=ALL-UNNAMED --add-exports=jdk.compiler/com.sun.tools.javac.api=ALL-UNNAMED --add-exports=jdk.compiler/com.sun.tools.javac.util=ALL-UNNAMED --add-opens=java.base/java.util=ALL-UNNAMED --add-opens=java.prefs/java.util.prefs=ALL-UNNAMED --add-opens=java.base/java.nio.charset=ALL-UNNAMED --add-opens=java.base/java.net=ALL-UNNAMED --add-opens=java.base/java.util.concurrent.atomic=ALL-UNNAMED --add-opens=java.xml/javax.xml.namespace=ALL-UNNAMED -XX:MaxMetaspaceSize=2G -XX:+HeapDumpOnOutOfMemoryError -Xmx4G -Dfile.encoding=UTF-8 -Duser.country=US -Duser.language=en -Duser.variant -javaagent:C:\Users\User\.gradle\wrapper\dists\gradle-8.11.1-bin\8se5rfm6r33wrrcme5kqt16ts\gradle-8.11.1\lib\agents\gradle-instrumentation-agent-8.11.1.jar 
java_command: org.gradle.launcher.daemon.bootstrap.GradleDaemon 8.11.1
java_class_path (initial): C:\Users\User\.gradle\wrapper\dists\gradle-8.11.1-bin\8se5rfm6r33wrrcme5kqt16ts\gradle-8.11.1\lib\gradle-daemon-main-8.11.1.jar
Launcher Type: SUN_STANDARD

[Global flags]
     intx CICompilerCount                          = 4                                         {product} {ergonomic}
     uint ConcGCThreads                            = 2                                         {product} {ergonomic}
     uint G1ConcRefinementThreads                  = 8                                         {product} {ergonomic}
   size_t G1HeapRegionSize                         = 2097152                                   {product} {ergonomic}
    uintx GCDrainStackTargetSize                   = 64                                        {product} {ergonomic}
     bool HeapDumpOnOutOfMemoryError               = true                                   {manageable} {command line}
   size_t InitialHeapSize                          = 132120576                                 {product} {ergonomic}
   size_t MarkStackSize                            = 4194304                                   {product} {ergonomic}
   size_t MaxHeapSize                              = 4294967296                                {product} {command line}
   size_t MaxMetaspaceSize                         = 2147483648                                {product} {command line}
   size_t MaxNewSize                               = 2575302656                                {product} {ergonomic}
   size_t MinHeapDeltaBytes                        = 2097152                                   {product} {ergonomic}
   size_t MinHeapSize                              = 8388608                                   {product} {ergonomic}
    uintx NonNMethodCodeHeapSize                   = 5839372                                {pd product} {ergonomic}
    uintx NonProfiledCodeHeapSize                  = 122909434                              {pd product} {ergonomic}
    uintx ProfiledCodeHeapSize                     = 122909434                              {pd product} {ergonomic}
    uintx ReservedCodeCacheSize                    = 251658240                              {pd product} {ergonomic}
     bool SegmentedCodeCache                       = true                                      {product} {ergonomic}
   size_t SoftMaxHeapSize                          = 4294967296                             {manageable} {ergonomic}
     bool UseCompressedOops                        = true                           {product lp64_product} {ergonomic}
     bool UseG1GC                                  = true                                      {product} {ergonomic}
     bool UseLargePagesIndividualAllocation        = false                                  {pd product} {ergonomic}

Logging:
Log output configuration:
 #0: stdout all=warning uptime,level,tags foldmultilines=false
 #1: stderr all=off uptime,level,tags foldmultilines=false

Environment Variables:
JAVA_HOME=C:\Program Files\Android\Android Studio\jbr
CLASSPATH=C:\Users\User\Desktop\flutter_application_4\android\\gradle\wrapper\gradle-wrapper.jar
PATH=C:\Program Files\Android\Android Studio\jbr\bin;C:\Windows\system32;C:\Windows;C:\Windows\System32\Wbem;C:\Windows\System32\WindowsPowerShell\v1.0\;C:\Windows\System32\OpenSSH\;C:\Users\User\AppData\Local\Programs\Python\Python313\Scripts\;C:\Users\User\AppData\Local\Programs\Python\Python313\;C:\Users\User\AppData\Local\Microsoft\WindowsApps;C:\Program Files\JetBrains\PyCharm Community Edition 2024.3\bin;;C:\flutter\bin;C:\Users\User\AppData\Local\Programs\Microsoft VS Code\bin;;C:\flutter\bin\mingit\cmd;C:\flutter\bin\mingit\cmd
USERNAME=User
OS=Windows_NT
PROCESSOR_IDENTIFIER=Intel64 Family 6 Model 142 Stepping 12, GenuineIntel
TMP=C:\Users\User\AppData\Local\Temp
TEMP=C:\Users\User\AppData\Local\Temp




Periodic native trim disabled

JNI global refs:
JNI global refs: 24, weak refs: 0

JNI global refs memory usage: 835, weak refs: 833

Process memory usage:
Resident Set Size: 120020K (1% of 8194612K total physical memory with 175284K free physical memory)

OOME stack traces (most recent first):
Classloader memory used:
Loader bootstrap                                                                       : 15520K
Loader org.gradle.internal.classloader.VisitableURLClassLoader                         : 8465K
Loader org.gradle.initialization.MixInLegacyTypesClassLoader                           : 589K
Loader jdk.internal.loader.ClassLoaders$AppClassLoader                                 : 234K
Loader jdk.internal.loader.ClassLoaders$PlatformClassLoader                            : 114K

Classes loaded by more than one classloader:
Class org.gradle.internal.classloader.FilteringClassLoader                            : loaded 2 times (x 102B)
Class org.gradle.internal.classloader.ClassLoaderHierarchy                            : loaded 2 times (x 67B)
Class org.gradle.api.internal.classpath.ManifestUtil                                  : loaded 2 times (x 68B)
Class org.gradle.internal.classloader.ClassLoaderVisitor                              : loaded 2 times (x 73B)
Class org.gradle.api.internal.classpath.EffectiveClassPath                            : loaded 2 times (x 87B)
Class org.gradle.api.internal.DefaultClassPathProvider                                : loaded 2 times (x 73B)
Class [Lorg.gradle.api.internal.ClassPathProvider;                                    : loaded 2 times (x 66B)
Class org.gradle.api.internal.ClassPathProvider                                       : loaded 2 times (x 67B)
Class org.gradle.internal.service.UnknownServiceException                             : loaded 2 times (x 80B)
Class org.gradle.internal.classpath.TransformedClassPath                              : loaded 2 times (x 93B)
Class org.gradle.internal.classloader.InstrumentingClassLoader                        : loaded 2 times (x 67B)
Class org.gradle.internal.service.ServiceLocator                                      : loaded 2 times (x 67B)
Class org.gradle.internal.InternalTransformer                                         : loaded 2 times (x 67B)
Class org.gradle.internal.classloader.ClasspathUtil$1                                 : loaded 2 times (x 73B)
Class org.gradle.api.internal.classpath.DefaultModuleRegistry$DefaultModule           : loaded 2 times (x 83B)
Class org.gradle.api.internal.classpath.Module                                        : loaded 2 times (x 67B)
Class org.gradle.api.internal.classpath.UnknownModuleException                        : loaded 2 times (x 79B)
Class org.gradle.api.internal.DefaultClassPathRegistry                                : loaded 2 times (x 73B)
Class org.gradle.api.internal.ClassPathRegistry                                       : loaded 2 times (x 67B)
Class org.gradle.internal.classpath.DefaultClassPath$ImmutableUniqueList              : loaded 2 times (x 196B)
Class org.gradle.internal.classpath.ClassPath                                         : loaded 2 times (x 67B)
Class org.gradle.api.UncheckedIOException                                             : loaded 2 times (x 79B)
Class org.gradle.internal.installation.GradleInstallation$1                           : loaded 2 times (x 72B)
Class org.gradle.api.internal.classpath.ModuleRegistry                                : loaded 2 times (x 67B)
Class org.gradle.api.internal.classpath.DefaultModuleRegistry                         : loaded 2 times (x 83B)
Class org.gradle.internal.service.ServiceLookupException                              : loaded 2 times (x 79B)
Class org.gradle.internal.classloader.ClassLoaderFactory                              : loaded 2 times (x 67B)
Class org.gradle.internal.service.CachingServiceLocator                               : loaded 2 times (x 79B)
Class org.gradle.internal.classloader.ClasspathUtil                                   : loaded 2 times (x 68B)
Class org.gradle.api.specs.Spec                                                       : loaded 2 times (x 67B)
Class org.gradle.internal.classloader.VisitableURLClassLoader$InstrumentingVisitableURLClassLoader: loaded 2 times (x 120B)
Class org.gradle.internal.classloader.VisitableURLClassLoader$Spec                    : loaded 2 times (x 71B)
Class org.gradle.internal.classpath.DefaultClassPath                                  : loaded 2 times (x 87B)
Class org.gradle.internal.classloader.ClassLoaderSpec                                 : loaded 2 times (x 68B)
Class org.gradle.internal.classloader.VisitableURLClassLoader                         : loaded 2 times (x 114B)
Class org.gradle.internal.Cast                                                        : loaded 2 times (x 68B)
Class org.gradle.api.Action                                                           : loaded 2 times (x 67B)
Class org.gradle.internal.classpath.DefaultClassPath$ImmutableUniqueList$Builder      : loaded 2 times (x 72B)
Class org.gradle.api.GradleException                                                  : loaded 2 times (x 79B)
Class org.gradle.internal.IoActions                                                   : loaded 2 times (x 68B)
Class org.gradle.internal.classloader.SystemClassLoaderSpec                           : loaded 2 times (x 68B)
Class org.gradle.api.internal.classpath.GlobalCacheRootsProvider                      : loaded 2 times (x 67B)
Class org.gradle.internal.installation.CurrentGradleInstallationLocator               : loaded 2 times (x 68B)
Class org.gradle.internal.service.DefaultServiceLocator                               : loaded 2 times (x 80B)
Class org.gradle.internal.installation.CurrentGradleInstallation                      : loaded 2 times (x 70B)
Class org.gradle.util.internal.GUtil                                                  : loaded 2 times (x 68B)
Class org.gradle.internal.installation.GradleInstallation                             : loaded 2 times (x 72B)

---------------  S Y S T E M  ---------------

OS:
 Windows 10 , 64 bit Build 18362 (10.0.18362.86)
OS uptime: 2 days 3:53 hours

CPU: total 8 (initial active 8) (4 cores per cpu, 2 threads per core) family 6 model 142 stepping 12 microcode 0xf0, cx8, cmov, fxsr, ht, mmx, 3dnowpref, sse, sse2, sse3, ssse3, sse4.1, sse4.2, popcnt, lzcnt, tsc, tscinvbit, avx, avx2, aes, erms, clmul, bmi1, bmi2, rtm, adx, fma, vzeroupper, clflush, clflushopt, rdtscp, f16c
Processor Information for all 8 processors :
  Max Mhz: 2112, Current Mhz: 1910, Mhz Limit: 1900

Memory: 4k page, system-wide physical 8002M (170M free)
TotalPageFile size 21146M (AvailPageFile size 1M)
current process WorkingSet (physical memory assigned to process): 117M, peak: 141M
current process commit charge ("private bytes"): 209M, peak: 248M

vm_info: OpenJDK 64-Bit Server VM (21.0.3+-12282718-b509.11) for windows-amd64 JRE (21.0.3+-12282718-b509.11), built on 2024-08-27T17:34:15Z by "builder" with MS VC++ 16.10 / 16.11 (VS2019)

END.
